<?xml version="1.0" encoding="UTF-8"?>
<testsuite name="accountservice.accountserviceBinding TestSuite" tests="20" failures="8" errors="0" time="6.392"><properties><property name="java.runtime.name" value="Java(TM) SE Runtime Environment"/><property name="sun.boot.library.path" value="C:\Program Files\Java\jdk1.8.0_101\jre\bin"/><property name="java.vm.version" value="25.101-b13"/><property name="java.vm.vendor" value="Oracle Corporation"/><property name="java.vendor.url" value="http://java.oracle.com/"/><property name="guice.disable.misplaced.annotation.check" value="true"/><property name="path.separator" value=";"/><property name="java.vm.name" value="Java HotSpot(TM) 64-Bit Server VM"/><property name="file.encoding.pkg" value="sun.io"/><property name="user.country" value="US"/><property name="user.script" value=""/><property name="sun.java.launcher" value="SUN_STANDARD"/><property name="sun.os.patch.level" value=""/><property name="java.vm.specification.name" value="Java Virtual Machine Specification"/><property name="user.dir" value="C:\JDeveloper\mywork\AccountDomainService\AccountService"/><property name="java.runtime.version" value="1.8.0_101-b13"/><property name="java.awt.graphicsenv" value="sun.awt.Win32GraphicsEnvironment"/><property name="java.endorsed.dirs" value="C:\Program Files\Java\jdk1.8.0_101\jre\lib\endorsed"/><property name="os.arch" value="amd64"/><property name="java.io.tmpdir" value="C:\Users\Nikasha\AppData\Local\Temp\"/><property name="line.separator" value="
"/><property name="java.vm.specification.vendor" value="Oracle Corporation"/><property name="user.variant" value=""/><property name="env.ORACLE_HOME" value="C:\Oracle\Middleware12211\Oracle_Home"/><property name="os.name" value="Windows 10"/><property name="classworlds.conf" value="C:\Oracle\Middleware12211\Oracle_Home\oracle_common\modules\org.apache.maven_3.2.5\bin\m2.conf"/><property name="sun.jnu.encoding" value="Cp1252"/><property name="java.library.path" value="C:\Program Files\Java\jdk1.8.0_101\bin;C:\WINDOWS\Sun\Java\bin;C:\WINDOWS\system32;C:\WINDOWS;C:\ProgramData\Oracle\Java\javapath;C:\WINDOWS\system32;C:\WINDOWS;C:\WINDOWS\System32\Wbem;C:\WINDOWS\System32\WindowsPowerShell\v1.0\;c:\Program Files (x86)\ATI Technologies\ATI.ACE\Core-Static;C:\Program Files\nodejs\;C:\Users\Nikasha\AppData\Local\Microsoft\WindowsApps;C:\Users\Nikasha\AppData\Roaming\npm;."/><property name="javax.net.ssl.trustStore" value="C:\Users\Nikasha\AppData\Local\Temp\trustStore4248814044454977550.jks"/><property name="sun.awt.enableExtraMouseButtons" value="true"/><property name="java.specification.name" value="Java Platform API Specification"/><property name="java.class.version" value="52.0"/><property name="sun.management.compiler" value="HotSpot 64-Bit Tiered Compilers"/><property name="os.version" value="10.0"/><property name="user.home" value="C:\Users\Nikasha"/><property name="user.timezone" value="America/New_York"/><property name="java.awt.printerjob" value="sun.awt.windows.WPrinterJob"/><property name="file.encoding" value="Cp1252"/><property name="java.specification.version" value="1.8"/><property name="java.class.path" value="C:\Oracle\Middleware12211\Oracle_Home\oracle_common\modules\org.apache.maven_3.2.5\boot\plexus-classworlds-2.5.2.jar;C:\Oracle\Middleware12211\Oracle_Home\oracle_common\modules\org.apache.maven_3.2.5\lib\wagon-provider-api-2.8.jar;C:\Oracle\Middleware12211\Oracle_Home\oracle_common\modules\org.apache.maven_3.2.5\lib\wagon-http-shared-2.8.jar;C:\Oracle\Middleware12211\Oracle_Home\oracle_common\modules\org.apache.maven_3.2.5\lib\wagon-http-2.8-shaded.jar;C:\Oracle\Middleware12211\Oracle_Home\oracle_common\modules\org.apache.maven_3.2.5\lib\wagon-file-2.8.jar;C:\Oracle\Middleware12211\Oracle_Home\oracle_common\modules\org.apache.maven_3.2.5\lib\slf4j-simple-1.7.5.jar;C:\Oracle\Middleware12211\Oracle_Home\oracle_common\modules\org.apache.maven_3.2.5\lib\slf4j-api-1.7.5.jar;C:\Oracle\Middleware12211\Oracle_Home\oracle_common\modules\org.apache.maven_3.2.5\lib\sisu-guice-3.2.3-no_aop.jar;C:\Oracle\Middleware12211\Oracle_Home\oracle_common\modules\org.apache.maven_3.2.5\lib\plexus-utils-3.0.20.jar;C:\Oracle\Middleware12211\Oracle_Home\oracle_common\modules\org.apache.maven_3.2.5\lib\plexus-sec-dispatcher-1.3.jar;C:\Oracle\Middleware12211\Oracle_Home\oracle_common\modules\org.apache.maven_3.2.5\lib\plexus-interpolation-1.21.jar;C:\Oracle\Middleware12211\Oracle_Home\oracle_common\modules\org.apache.maven_3.2.5\lib\plexus-component-annotations-1.5.5.jar;C:\Oracle\Middleware12211\Oracle_Home\oracle_common\modules\org.apache.maven_3.2.5\lib\plexus-cipher-1.7.jar;C:\Oracle\Middleware12211\Oracle_Home\oracle_common\modules\org.apache.maven_3.2.5\lib\org.eclipse.sisu.plexus-0.3.0.M1.jar;C:\Oracle\Middleware12211\Oracle_Home\oracle_common\modules\org.apache.maven_3.2.5\lib\org.eclipse.sisu.inject-0.3.0.M1.jar;C:\Oracle\Middleware12211\Oracle_Home\oracle_common\modules\org.apache.maven_3.2.5\lib\maven-settings-builder-3.2.5.jar;C:\Oracle\Middleware12211\Oracle_Home\oracle_common\modules\org.apache.maven_3.2.5\lib\maven-settings-3.2.5.jar;C:\Oracle\Middleware12211\Oracle_Home\oracle_common\modules\org.apache.maven_3.2.5\lib\maven-repository-metadata-3.2.5.jar;C:\Oracle\Middleware12211\Oracle_Home\oracle_common\modules\org.apache.maven_3.2.5\lib\maven-plugin-api-3.2.5.jar;C:\Oracle\Middleware12211\Oracle_Home\oracle_common\modules\org.apache.maven_3.2.5\lib\maven-model-builder-3.2.5.jar;C:\Oracle\Middleware12211\Oracle_Home\oracle_common\modules\org.apache.maven_3.2.5\lib\maven-model-3.2.5.jar;C:\Oracle\Middleware12211\Oracle_Home\oracle_common\modules\org.apache.maven_3.2.5\lib\maven-embedder-3.2.5.jar;C:\Oracle\Middleware12211\Oracle_Home\oracle_common\modules\org.apache.maven_3.2.5\lib\maven-core-3.2.5.jar;C:\Oracle\Middleware12211\Oracle_Home\oracle_common\modules\org.apache.maven_3.2.5\lib\maven-compat-3.2.5.jar;C:\Oracle\Middleware12211\Oracle_Home\oracle_common\modules\org.apache.maven_3.2.5\lib\maven-artifact-3.2.5.jar;C:\Oracle\Middleware12211\Oracle_Home\oracle_common\modules\org.apache.maven_3.2.5\lib\maven-aether-provider-3.2.5.jar;C:\Oracle\Middleware12211\Oracle_Home\oracle_common\modules\org.apache.maven_3.2.5\lib\jsr250-api-1.0.jar;C:\Oracle\Middleware12211\Oracle_Home\oracle_common\modules\org.apache.maven_3.2.5\lib\jsoup-1.7.2.jar;C:\Oracle\Middleware12211\Oracle_Home\oracle_common\modules\org.apache.maven_3.2.5\lib\javax.inject-1.jar;C:\Oracle\Middleware12211\Oracle_Home\oracle_common\modules\org.apache.maven_3.2.5\lib\guava-18.0.jar;C:\Oracle\Middleware12211\Oracle_Home\oracle_common\modules\org.apache.maven_3.2.5\lib\commons-lang-2.6.jar;C:\Oracle\Middleware12211\Oracle_Home\oracle_common\modules\org.apache.maven_3.2.5\lib\commons-io-2.2.jar;C:\Oracle\Middleware12211\Oracle_Home\oracle_common\modules\org.apache.maven_3.2.5\lib\commons-cli-1.2.jar;C:\Oracle\Middleware12211\Oracle_Home\oracle_common\modules\org.apache.maven_3.2.5\lib\cdi-api-1.0.jar;C:\Oracle\Middleware12211\Oracle_Home\oracle_common\modules\org.apache.maven_3.2.5\lib\aopalliance-1.0.jar;C:\Oracle\Middleware12211\Oracle_Home\oracle_common\modules\org.apache.maven_3.2.5\lib\aether-util-1.0.0.v20140518.jar;C:\Oracle\Middleware12211\Oracle_Home\oracle_common\modules\org.apache.maven_3.2.5\lib\aether-transport-wagon-1.0.0.v20140518.jar;C:\Oracle\Middleware12211\Oracle_Home\oracle_common\modules\org.apache.maven_3.2.5\lib\aether-spi-1.0.0.v20140518.jar;C:\Oracle\Middleware12211\Oracle_Home\oracle_common\modules\org.apache.maven_3.2.5\lib\aether-impl-1.0.0.v20140518.jar;C:\Oracle\Middleware12211\Oracle_Home\oracle_common\modules\org.apache.maven_3.2.5\lib\aether-connector-basic-1.0.0.v20140518.jar;C:\Oracle\Middleware12211\Oracle_Home\oracle_common\modules\org.apache.maven_3.2.5\lib\aether-api-1.0.0.v20140518.jar;"/><property name="user.name" value="Nikasha"/><property name="java.vm.specification.version" value="1.8"/><property name="sun.java.command" value="org.codehaus.classworlds.Launcher --settings C:\Oracle\Middleware12211\Oracle_Home\oracle_common\modules\org.apache.maven_3.2.5\conf\settings.xml --file C:\JDeveloper\mywork\AccountDomainService\AccountService\pom.xml generate-sources -Denv.name=dev -Denv.ORACLE_HOME=C:\Oracle\Middleware12211\Oracle_Home"/><property name="java.home" value="C:\Program Files\Java\jdk1.8.0_101\jre"/><property name="sun.arch.data.model" value="64"/><property name="user.language" value="en"/><property name="java.specification.vendor" value="Oracle Corporation"/><property name="awt.toolkit" value="sun.awt.windows.WToolkit"/><property name="java.vm.info" value="mixed mode"/><property name="env.name" value="dev"/><property name="java.version" value="1.8.0_101"/><property name="java.ext.dirs" value="C:\Program Files\Java\jdk1.8.0_101\jre\lib\ext;C:\WINDOWS\Sun\Java\lib\ext"/><property name="sun.boot.class.path" value="C:\Program Files\Java\jdk1.8.0_101\jre\lib\resources.jar;C:\Program Files\Java\jdk1.8.0_101\jre\lib\rt.jar;C:\Program Files\Java\jdk1.8.0_101\jre\lib\sunrsasign.jar;C:\Program Files\Java\jdk1.8.0_101\jre\lib\jsse.jar;C:\Program Files\Java\jdk1.8.0_101\jre\lib\jce.jar;C:\Program Files\Java\jdk1.8.0_101\jre\lib\charsets.jar;C:\Program Files\Java\jdk1.8.0_101\jre\lib\jfr.jar;C:\Program Files\Java\jdk1.8.0_101\jre\classes"/><property name="java.vendor" value="Oracle Corporation"/><property name="maven.home" value="C:\Oracle\Middleware12211\Oracle_Home\oracle_common\modules\org.apache.maven_3.2.5"/><property name="file.separator" value="\"/><property name="java.vendor.url.bug" value="http://bugreport.sun.com/bugreport/"/><property name="sun.io.unicode.encoding" value="UnicodeLittle"/><property name="sun.cpu.endian" value="little"/><property name="sun.desktop" value="windows"/><property name="sun.cpu.isalist" value="amd64"/></properties><testcase name="TC1_ValidateValidSOAPResponse" time="1.45"/><testcase name="TC2_ValidateSuccessHTTPStatusCode" time="0.203"/><testcase name="TC3_ValidateHTTPHeaders" time="0.522"><failure type="Cancelling due to failed test step" message="Cancelling due to failed test step"><![CDATA[<h3><b>SOAP Request Failed</b></h3><pre>[Script Assertion - For HTTP Headers] startup failed:
Script1.groovy: 1: unexpected token: assert @ line 1, column 64.
   aders["Content-Type"] != null assert
                                 ^
org.codehaus.groovy.syntax.SyntaxException: unexpected token: assert @ line 1, column 64.
	at org.codehaus.groovy.antlr.AntlrParserPlugin.transformCSTIntoAST(AntlrParserPlugin.java:139)
	at org.codehaus.groovy.antlr.AntlrParserPlugin.parseCST(AntlrParserPlugin.java:107)
	at org.codehaus.groovy.control.SourceUnit.parse(SourceUnit.java:236)
	at org.codehaus.groovy.control.CompilationUnit$1.call(CompilationUnit.java:163)
	at org.codehaus.groovy.control.CompilationUnit.applyToSourceUnits(CompilationUnit.java:839)
	at org.codehaus.groovy.control.CompilationUnit.doPhaseOperation(CompilationUnit.java:544)
	at org.codehaus.groovy.control.CompilationUnit.processPhaseOperations(CompilationUnit.java:520)
	at org.codehaus.groovy.control.CompilationUnit.compile(CompilationUnit.java:497)
	at groovy.lang.GroovyClassLoader.doParseClass(GroovyClassLoader.java:306)
	at groovy.lang.GroovyClassLoader.parseClass(GroovyClassLoader.java:287)
	at groovy.lang.GroovyShell.parseClass(GroovyShell.java:731)
	at groovy.lang.GroovyShell.parse(GroovyShell.java:743)
	at groovy.lang.GroovyShell.parse(GroovyShell.java:770)
	at groovy.lang.GroovyShell.parse(GroovyShell.java:761)
	at com.eviware.soapui.support.scripting.groovy.SoapUIGroovyScriptEngine.compile(SoapUIGroovyScriptEngine.java:148)
	at com.eviware.soapui.support.scripting.groovy.SoapUIGroovyScriptEngine.run(SoapUIGroovyScriptEngine.java:93)
	at com.eviware.soapui.impl.wsdl.teststeps.assertions.basic.GroovyScriptAssertion.assertScript(GroovyScriptAssertion.java:120)
	at com.eviware.soapui.impl.wsdl.teststeps.assertions.basic.GroovyScriptAssertion.internalAssertResponse(GroovyScriptAssertion.java:137)
	at com.eviware.soapui.impl.wsdl.teststeps.WsdlMessageAssertion.assertResponse(WsdlMessageAssertion.java:161)
	at com.eviware.soapui.impl.wsdl.teststeps.WsdlTestRequest.assertResponse(WsdlTestRequest.java:189)
	at com.eviware.soapui.impl.wsdl.teststeps.WsdlTestRequest.setResponse(WsdlTestRequest.java:159)
	at com.eviware.soapui.impl.wsdl.teststeps.WsdlTestRequestStep.run(WsdlTestRequestStep.java:439)
	at com.eviware.soapui.impl.wsdl.support.AbstractTestCaseRunner.runTestStep(AbstractTestCaseRunner.java:239)
	at com.eviware.soapui.impl.wsdl.testcase.WsdlTestCaseRunner.runCurrentTestStep(WsdlTestCaseRunner.java:48)
	at com.eviware.soapui.impl.wsdl.support.AbstractTestCaseRunner.internalRun(AbstractTestCaseRunner.java:148)
	at com.eviware.soapui.impl.wsdl.support.AbstractTestCaseRunner.internalRun(AbstractTestCaseRunner.java:43)
	at com.eviware.soapui.impl.wsdl.support.AbstractTestRunner.run(AbstractTestRunner.java:135)
	at java.util.concurrent.Executors$RunnableAdapter.call(Executors.java:511)
	at java.util.concurrent.FutureTask.run(FutureTask.java:266)
	at java.util.concurrent.ThreadPoolExecutor.runWorker(ThreadPoolExecutor.java:1142)
	at java.util.concurrent.ThreadPoolExecutor$Worker.run(ThreadPoolExecutor.java:617)
	at java.lang.Thread.run(Thread.java:745)
Caused by: Script1.groovy:1:64: unexpected token: assert
	at org.codehaus.groovy.antlr.parser.GroovyRecognizer.branchStatement(GroovyRecognizer.java:9426)
	at org.codehaus.groovy.antlr.parser.GroovyRecognizer.statement(GroovyRecognizer.java:1141)
	at org.codehaus.groovy.antlr.parser.GroovyRecognizer.compilationUnit(GroovyRecognizer.java:666)
	at org.codehaus.groovy.antlr.AntlrParserPlugin.transformCSTIntoAST(AntlrParserPlugin.java:130)
	... 31 more

1 error

</pre><hr/>]]></failure></testcase><testcase name="TC4_ValidateMandatoryFields" time="0.734"/><testcase name="TC5_ValidateResponseDataTypes" time="0.309"/><testcase name="TC6_ValidateInvalidAccountNumberRequest" time="0.159"/><testcase name="TC7_ValidateCheckingAccount" time="0.219"/><testcase name="TC8_ValidateSavingsAccount" time="0.326"/><testcase name="TC9_ValidateCreditCardAccount" time="0.166"/><testcase name="TC10_ValidateAccountHolders" time="0.26"/><testcase name="TC11_ValidateCountOfAccountHolders" time="0.182"/><testcase name="TC12_ValidateOpenAccountStatus" time="0.196"/><testcase name="TC13_ValidateFraudlentAccountStatus" time="0.2"><failure type="Cancelling due to failed test step" message="Cancelling due to failed test step"><![CDATA[<h3><b>getAccountDetails Failed</b></h3><pre>[XPath Match] XPathContains comparison failed, expecting ['Fradulent'], actual was [1]
</pre><hr/>]]></failure></testcase><testcase name="TC14_ValidateClosedAccountStatus" time="0.182"><failure type="Cancelling due to failed test step" message="Cancelling due to failed test step"><![CDATA[<h3><b>getAccountDetails Failed</b></h3><pre>[XPath Match] XPathContains comparison failed, expecting ['closed'], actual was [Open]
</pre><hr/>]]></failure></testcase><testcase name="TC15_ValidateJointBusinessAccountType" time="0.199"><failure type="Cancelling due to failed test step" message="Cancelling due to failed test step"><![CDATA[<h3><b>getAccountDetails Failed</b></h3><pre>[XPath Match] XPathContains comparison failed, expecting ['Business'], actual was [Personal]
</pre><hr/>]]></failure></testcase><testcase name="TC16_ValidateJointPersonalAccountType" time="0.264"/><testcase name="TC17_Validate7RoutingNumber" time="0.265"><failure type="Cancelling due to failed test step" message="Cancelling due to failed test step"><![CDATA[<h3><b>getAccountDetails Failed</b></h3><pre>[Script Assertion] startup failed:
Script1.groovy: 2: expecting EOF, found 'def' @ line 2, column 92.
   change.responseContentAsXml ) def routin
                                 ^
org.codehaus.groovy.syntax.SyntaxException: expecting EOF, found 'def' @ line 2, column 92.
	at org.codehaus.groovy.antlr.AntlrParserPlugin.transformCSTIntoAST(AntlrParserPlugin.java:139)
	at org.codehaus.groovy.antlr.AntlrParserPlugin.parseCST(AntlrParserPlugin.java:107)
	at org.codehaus.groovy.control.SourceUnit.parse(SourceUnit.java:236)
	at org.codehaus.groovy.control.CompilationUnit$1.call(CompilationUnit.java:163)
	at org.codehaus.groovy.control.CompilationUnit.applyToSourceUnits(CompilationUnit.java:839)
	at org.codehaus.groovy.control.CompilationUnit.doPhaseOperation(CompilationUnit.java:544)
	at org.codehaus.groovy.control.CompilationUnit.processPhaseOperations(CompilationUnit.java:520)
	at org.codehaus.groovy.control.CompilationUnit.compile(CompilationUnit.java:497)
	at groovy.lang.GroovyClassLoader.doParseClass(GroovyClassLoader.java:306)
	at groovy.lang.GroovyClassLoader.parseClass(GroovyClassLoader.java:287)
	at groovy.lang.GroovyShell.parseClass(GroovyShell.java:731)
	at groovy.lang.GroovyShell.parse(GroovyShell.java:743)
	at groovy.lang.GroovyShell.parse(GroovyShell.java:770)
	at groovy.lang.GroovyShell.parse(GroovyShell.java:761)
	at com.eviware.soapui.support.scripting.groovy.SoapUIGroovyScriptEngine.compile(SoapUIGroovyScriptEngine.java:148)
	at com.eviware.soapui.support.scripting.groovy.SoapUIGroovyScriptEngine.run(SoapUIGroovyScriptEngine.java:93)
	at com.eviware.soapui.impl.wsdl.teststeps.assertions.basic.GroovyScriptAssertion.assertScript(GroovyScriptAssertion.java:120)
	at com.eviware.soapui.impl.wsdl.teststeps.assertions.basic.GroovyScriptAssertion.internalAssertResponse(GroovyScriptAssertion.java:137)
	at com.eviware.soapui.impl.wsdl.teststeps.WsdlMessageAssertion.assertResponse(WsdlMessageAssertion.java:161)
	at com.eviware.soapui.impl.wsdl.teststeps.WsdlTestRequest.assertResponse(WsdlTestRequest.java:189)
	at com.eviware.soapui.impl.wsdl.teststeps.WsdlTestRequest.setResponse(WsdlTestRequest.java:159)
	at com.eviware.soapui.impl.wsdl.teststeps.WsdlTestRequestStep.run(WsdlTestRequestStep.java:439)
	at com.eviware.soapui.impl.wsdl.support.AbstractTestCaseRunner.runTestStep(AbstractTestCaseRunner.java:239)
	at com.eviware.soapui.impl.wsdl.testcase.WsdlTestCaseRunner.runCurrentTestStep(WsdlTestCaseRunner.java:48)
	at com.eviware.soapui.impl.wsdl.support.AbstractTestCaseRunner.internalRun(AbstractTestCaseRunner.java:148)
	at com.eviware.soapui.impl.wsdl.support.AbstractTestCaseRunner.internalRun(AbstractTestCaseRunner.java:43)
	at com.eviware.soapui.impl.wsdl.support.AbstractTestRunner.run(AbstractTestRunner.java:135)
	at java.util.concurrent.Executors$RunnableAdapter.call(Executors.java:511)
	at java.util.concurrent.FutureTask.run(FutureTask.java:266)
	at java.util.concurrent.ThreadPoolExecutor.runWorker(ThreadPoolExecutor.java:1142)
	at java.util.concurrent.ThreadPoolExecutor$Worker.run(ThreadPoolExecutor.java:617)
	at java.lang.Thread.run(Thread.java:745)
Caused by: Script1.groovy:2:92: expecting EOF, found 'def'
	at groovyjarjarantlr.Parser.match(Parser.java:211)
	at org.codehaus.groovy.antlr.parser.GroovyRecognizer.compilationUnit(GroovyRecognizer.java:780)
	at org.codehaus.groovy.antlr.AntlrParserPlugin.transformCSTIntoAST(AntlrParserPlugin.java:130)
	... 31 more

1 error

</pre><hr/>]]></failure></testcase><testcase name="TC18_Validate10DigitAccountNumber" time="0.177"><failure type="Cancelling due to failed test step" message="Cancelling due to failed test step"><![CDATA[<h3><b>SOAP Request Failed</b></h3><pre>[Script Assertion] startup failed:
Script1.groovy: 2: expecting EOF, found 'def' @ line 2, column 92.
   change.responseContentAsXml ) def accoun
                                 ^
org.codehaus.groovy.syntax.SyntaxException: expecting EOF, found 'def' @ line 2, column 92.
	at org.codehaus.groovy.antlr.AntlrParserPlugin.transformCSTIntoAST(AntlrParserPlugin.java:139)
	at org.codehaus.groovy.antlr.AntlrParserPlugin.parseCST(AntlrParserPlugin.java:107)
	at org.codehaus.groovy.control.SourceUnit.parse(SourceUnit.java:236)
	at org.codehaus.groovy.control.CompilationUnit$1.call(CompilationUnit.java:163)
	at org.codehaus.groovy.control.CompilationUnit.applyToSourceUnits(CompilationUnit.java:839)
	at org.codehaus.groovy.control.CompilationUnit.doPhaseOperation(CompilationUnit.java:544)
	at org.codehaus.groovy.control.CompilationUnit.processPhaseOperations(CompilationUnit.java:520)
	at org.codehaus.groovy.control.CompilationUnit.compile(CompilationUnit.java:497)
	at groovy.lang.GroovyClassLoader.doParseClass(GroovyClassLoader.java:306)
	at groovy.lang.GroovyClassLoader.parseClass(GroovyClassLoader.java:287)
	at groovy.lang.GroovyShell.parseClass(GroovyShell.java:731)
	at groovy.lang.GroovyShell.parse(GroovyShell.java:743)
	at groovy.lang.GroovyShell.parse(GroovyShell.java:770)
	at groovy.lang.GroovyShell.parse(GroovyShell.java:761)
	at com.eviware.soapui.support.scripting.groovy.SoapUIGroovyScriptEngine.compile(SoapUIGroovyScriptEngine.java:148)
	at com.eviware.soapui.support.scripting.groovy.SoapUIGroovyScriptEngine.run(SoapUIGroovyScriptEngine.java:93)
	at com.eviware.soapui.impl.wsdl.teststeps.assertions.basic.GroovyScriptAssertion.assertScript(GroovyScriptAssertion.java:120)
	at com.eviware.soapui.impl.wsdl.teststeps.assertions.basic.GroovyScriptAssertion.internalAssertResponse(GroovyScriptAssertion.java:137)
	at com.eviware.soapui.impl.wsdl.teststeps.WsdlMessageAssertion.assertResponse(WsdlMessageAssertion.java:161)
	at com.eviware.soapui.impl.wsdl.teststeps.WsdlTestRequest.assertResponse(WsdlTestRequest.java:189)
	at com.eviware.soapui.impl.wsdl.teststeps.WsdlTestRequest.setResponse(WsdlTestRequest.java:159)
	at com.eviware.soapui.impl.wsdl.teststeps.WsdlTestRequestStep.run(WsdlTestRequestStep.java:439)
	at com.eviware.soapui.impl.wsdl.support.AbstractTestCaseRunner.runTestStep(AbstractTestCaseRunner.java:239)
	at com.eviware.soapui.impl.wsdl.testcase.WsdlTestCaseRunner.runCurrentTestStep(WsdlTestCaseRunner.java:48)
	at com.eviware.soapui.impl.wsdl.support.AbstractTestCaseRunner.internalRun(AbstractTestCaseRunner.java:148)
	at com.eviware.soapui.impl.wsdl.support.AbstractTestCaseRunner.internalRun(AbstractTestCaseRunner.java:43)
	at com.eviware.soapui.impl.wsdl.support.AbstractTestRunner.run(AbstractTestRunner.java:135)
	at java.util.concurrent.Executors$RunnableAdapter.call(Executors.java:511)
	at java.util.concurrent.FutureTask.run(FutureTask.java:266)
	at java.util.concurrent.ThreadPoolExecutor.runWorker(ThreadPoolExecutor.java:1142)
	at java.util.concurrent.ThreadPoolExecutor$Worker.run(ThreadPoolExecutor.java:617)
	at java.lang.Thread.run(Thread.java:745)
Caused by: Script1.groovy:2:92: expecting EOF, found 'def'
	at groovyjarjarantlr.Parser.match(Parser.java:211)
	at org.codehaus.groovy.antlr.parser.GroovyRecognizer.compilationUnit(GroovyRecognizer.java:780)
	at org.codehaus.groovy.antlr.AntlrParserPlugin.transformCSTIntoAST(AntlrParserPlugin.java:130)
	... 31 more

1 error

</pre><hr/>]]></failure></testcase><testcase name="TC19_ValidateOverDraftAccount" time="0.198"><failure type="Cancelling due to failed test step" message="Cancelling due to failed test step"><![CDATA[<h3><b>SOAP Request Failed</b></h3><pre>[Script Assertion] startup failed:
Script1.groovy: 2: expecting EOF, found 'def' @ line 2, column 92.
   change.responseContentAsXml ) def overdr
                                 ^
org.codehaus.groovy.syntax.SyntaxException: expecting EOF, found 'def' @ line 2, column 92.
	at org.codehaus.groovy.antlr.AntlrParserPlugin.transformCSTIntoAST(AntlrParserPlugin.java:139)
	at org.codehaus.groovy.antlr.AntlrParserPlugin.parseCST(AntlrParserPlugin.java:107)
	at org.codehaus.groovy.control.SourceUnit.parse(SourceUnit.java:236)
	at org.codehaus.groovy.control.CompilationUnit$1.call(CompilationUnit.java:163)
	at org.codehaus.groovy.control.CompilationUnit.applyToSourceUnits(CompilationUnit.java:839)
	at org.codehaus.groovy.control.CompilationUnit.doPhaseOperation(CompilationUnit.java:544)
	at org.codehaus.groovy.control.CompilationUnit.processPhaseOperations(CompilationUnit.java:520)
	at org.codehaus.groovy.control.CompilationUnit.compile(CompilationUnit.java:497)
	at groovy.lang.GroovyClassLoader.doParseClass(GroovyClassLoader.java:306)
	at groovy.lang.GroovyClassLoader.parseClass(GroovyClassLoader.java:287)
	at groovy.lang.GroovyShell.parseClass(GroovyShell.java:731)
	at groovy.lang.GroovyShell.parse(GroovyShell.java:743)
	at groovy.lang.GroovyShell.parse(GroovyShell.java:770)
	at groovy.lang.GroovyShell.parse(GroovyShell.java:761)
	at com.eviware.soapui.support.scripting.groovy.SoapUIGroovyScriptEngine.compile(SoapUIGroovyScriptEngine.java:148)
	at com.eviware.soapui.support.scripting.groovy.SoapUIGroovyScriptEngine.run(SoapUIGroovyScriptEngine.java:93)
	at com.eviware.soapui.impl.wsdl.teststeps.assertions.basic.GroovyScriptAssertion.assertScript(GroovyScriptAssertion.java:120)
	at com.eviware.soapui.impl.wsdl.teststeps.assertions.basic.GroovyScriptAssertion.internalAssertResponse(GroovyScriptAssertion.java:137)
	at com.eviware.soapui.impl.wsdl.teststeps.WsdlMessageAssertion.assertResponse(WsdlMessageAssertion.java:161)
	at com.eviware.soapui.impl.wsdl.teststeps.WsdlTestRequest.assertResponse(WsdlTestRequest.java:189)
	at com.eviware.soapui.impl.wsdl.teststeps.WsdlTestRequest.setResponse(WsdlTestRequest.java:159)
	at com.eviware.soapui.impl.wsdl.teststeps.WsdlTestRequestStep.run(WsdlTestRequestStep.java:439)
	at com.eviware.soapui.impl.wsdl.support.AbstractTestCaseRunner.runTestStep(AbstractTestCaseRunner.java:239)
	at com.eviware.soapui.impl.wsdl.testcase.WsdlTestCaseRunner.runCurrentTestStep(WsdlTestCaseRunner.java:48)
	at com.eviware.soapui.impl.wsdl.support.AbstractTestCaseRunner.internalRun(AbstractTestCaseRunner.java:148)
	at com.eviware.soapui.impl.wsdl.support.AbstractTestCaseRunner.internalRun(AbstractTestCaseRunner.java:43)
	at com.eviware.soapui.impl.wsdl.support.AbstractTestRunner.run(AbstractTestRunner.java:135)
	at java.util.concurrent.Executors$RunnableAdapter.call(Executors.java:511)
	at java.util.concurrent.FutureTask.run(FutureTask.java:266)
	at java.util.concurrent.ThreadPoolExecutor.runWorker(ThreadPoolExecutor.java:1142)
	at java.util.concurrent.ThreadPoolExecutor$Worker.run(ThreadPoolExecutor.java:617)
	at java.lang.Thread.run(Thread.java:745)
Caused by: Script1.groovy:2:92: expecting EOF, found 'def'
	at groovyjarjarantlr.Parser.match(Parser.java:211)
	at org.codehaus.groovy.antlr.parser.GroovyRecognizer.compilationUnit(GroovyRecognizer.java:780)
	at org.codehaus.groovy.antlr.AntlrParserPlugin.transformCSTIntoAST(AntlrParserPlugin.java:130)
	... 31 more

1 error

</pre><hr/>]]></failure></testcase><testcase name="TC20_ValidateNoOverDraftAccount" time="0.181"><failure type="Cancelling due to failed test step" message="Cancelling due to failed test step"><![CDATA[<h3><b>SOAP Request Failed</b></h3><pre>[Script Assertion] startup failed:
Script1.groovy: 2: expecting EOF, found 'def' @ line 2, column 92.
   change.responseContentAsXml ) def overdr
                                 ^
org.codehaus.groovy.syntax.SyntaxException: expecting EOF, found 'def' @ line 2, column 92.
	at org.codehaus.groovy.antlr.AntlrParserPlugin.transformCSTIntoAST(AntlrParserPlugin.java:139)
	at org.codehaus.groovy.antlr.AntlrParserPlugin.parseCST(AntlrParserPlugin.java:107)
	at org.codehaus.groovy.control.SourceUnit.parse(SourceUnit.java:236)
	at org.codehaus.groovy.control.CompilationUnit$1.call(CompilationUnit.java:163)
	at org.codehaus.groovy.control.CompilationUnit.applyToSourceUnits(CompilationUnit.java:839)
	at org.codehaus.groovy.control.CompilationUnit.doPhaseOperation(CompilationUnit.java:544)
	at org.codehaus.groovy.control.CompilationUnit.processPhaseOperations(CompilationUnit.java:520)
	at org.codehaus.groovy.control.CompilationUnit.compile(CompilationUnit.java:497)
	at groovy.lang.GroovyClassLoader.doParseClass(GroovyClassLoader.java:306)
	at groovy.lang.GroovyClassLoader.parseClass(GroovyClassLoader.java:287)
	at groovy.lang.GroovyShell.parseClass(GroovyShell.java:731)
	at groovy.lang.GroovyShell.parse(GroovyShell.java:743)
	at groovy.lang.GroovyShell.parse(GroovyShell.java:770)
	at groovy.lang.GroovyShell.parse(GroovyShell.java:761)
	at com.eviware.soapui.support.scripting.groovy.SoapUIGroovyScriptEngine.compile(SoapUIGroovyScriptEngine.java:148)
	at com.eviware.soapui.support.scripting.groovy.SoapUIGroovyScriptEngine.run(SoapUIGroovyScriptEngine.java:93)
	at com.eviware.soapui.impl.wsdl.teststeps.assertions.basic.GroovyScriptAssertion.assertScript(GroovyScriptAssertion.java:120)
	at com.eviware.soapui.impl.wsdl.teststeps.assertions.basic.GroovyScriptAssertion.internalAssertResponse(GroovyScriptAssertion.java:137)
	at com.eviware.soapui.impl.wsdl.teststeps.WsdlMessageAssertion.assertResponse(WsdlMessageAssertion.java:161)
	at com.eviware.soapui.impl.wsdl.teststeps.WsdlTestRequest.assertResponse(WsdlTestRequest.java:189)
	at com.eviware.soapui.impl.wsdl.teststeps.WsdlTestRequest.setResponse(WsdlTestRequest.java:159)
	at com.eviware.soapui.impl.wsdl.teststeps.WsdlTestRequestStep.run(WsdlTestRequestStep.java:439)
	at com.eviware.soapui.impl.wsdl.support.AbstractTestCaseRunner.runTestStep(AbstractTestCaseRunner.java:239)
	at com.eviware.soapui.impl.wsdl.testcase.WsdlTestCaseRunner.runCurrentTestStep(WsdlTestCaseRunner.java:48)
	at com.eviware.soapui.impl.wsdl.support.AbstractTestCaseRunner.internalRun(AbstractTestCaseRunner.java:148)
	at com.eviware.soapui.impl.wsdl.support.AbstractTestCaseRunner.internalRun(AbstractTestCaseRunner.java:43)
	at com.eviware.soapui.impl.wsdl.support.AbstractTestRunner.run(AbstractTestRunner.java:135)
	at java.util.concurrent.Executors$RunnableAdapter.call(Executors.java:511)
	at java.util.concurrent.FutureTask.run(FutureTask.java:266)
	at java.util.concurrent.ThreadPoolExecutor.runWorker(ThreadPoolExecutor.java:1142)
	at java.util.concurrent.ThreadPoolExecutor$Worker.run(ThreadPoolExecutor.java:617)
	at java.lang.Thread.run(Thread.java:745)
Caused by: Script1.groovy:2:92: expecting EOF, found 'def'
	at groovyjarjarantlr.Parser.match(Parser.java:211)
	at org.codehaus.groovy.antlr.parser.GroovyRecognizer.compilationUnit(GroovyRecognizer.java:780)
	at org.codehaus.groovy.antlr.AntlrParserPlugin.transformCSTIntoAST(AntlrParserPlugin.java:130)
	... 31 more

1 error

</pre><hr/>]]></failure></testcase></testsuite>