<?xml version="1.0" encoding="UTF-8"?>
<testsuite name="accountservice.accountserviceBinding TestSuite" tests="20" failures="8" errors="0" time="6.392"><properties>
[...]
</properties><testcase name="TC1_ValidateValidSOAPResponse" time="1.45"/><testcase name="TC2_ValidateSuccessHTTPStatusCode" time="0.203"/><testcase name="TC3_ValidateHTTPHeaders" time="0.522"><failure type="Cancelling due to failed test step" message="Cancelling due to failed test step"><![CDATA[<h3><b>SOAP Request Failed</b></h3><pre>[Script Assertion - For HTTP Headers] startup failed:
Script1.groovy: 1: unexpected token: assert @ line 1, column 64.
   aders["Content-Type"] != null assert
                                 ^
org.codehaus.groovy.syntax.SyntaxException: unexpected token: assert @ line 1, column 64.
	at org.codehaus.groovy.antlr.AntlrParserPlugin.transformCSTIntoAST(AntlrParserPlugin.java:139)
	at org.codehaus.groovy.antlr.AntlrParserPlugin.parseCST(AntlrParserPlugin.java:107)
	at org.codehaus.groovy.control.SourceUnit.parse(SourceUnit.java:236)
	at org.codehaus.groovy.control.CompilationUnit$1.call(CompilationUnit.java:163)
	at org.codehaus.groovy.control.CompilationUnit.applyToSourceUnits(CompilationUnit.java:839)
	at org.codehaus.groovy.control.CompilationUnit.doPhaseOperation(CompilationUnit.java:544)
	at org.codehaus.groovy.control.CompilationUnit.processPhaseOperations(CompilationUnit.java:520)
	at org.codehaus.groovy.control.CompilationUnit.compile(CompilationUnit.java:497)
	at groovy.lang.GroovyClassLoader.doParseClass(GroovyClassLoader.java:306)
	at groovy.lang.GroovyClassLoader.parseClass(GroovyClassLoader.java:287)
	at groovy.lang.GroovyShell.parseClass(GroovyShell.java:731)
	at groovy.lang.GroovyShell.parse(GroovyShell.java:743)
	at groovy.lang.GroovyShell.parse(GroovyShell.java:770)
	at groovy.lang.GroovyShell.parse(GroovyShell.java:761)
	at com.eviware.soapui.support.scripting.groovy.SoapUIGroovyScriptEngine.compile(SoapUIGroovyScriptEngine.java:148)
	at com.eviware.soapui.support.scripting.groovy.SoapUIGroovyScriptEngine.run(SoapUIGroovyScriptEngine.java:93)
	at com.eviware.soapui.impl.wsdl.teststeps.assertions.basic.GroovyScriptAssertion.assertScript(GroovyScriptAssertion.java:120)
	at com.eviware.soapui.impl.wsdl.teststeps.assertions.basic.GroovyScriptAssertion.internalAssertResponse(GroovyScriptAssertion.java:137)
	at com.eviware.soapui.impl.wsdl.teststeps.WsdlMessageAssertion.assertResponse(WsdlMessageAssertion.java:161)
	at com.eviware.soapui.impl.wsdl.teststeps.WsdlTestRequest.assertResponse(WsdlTestRequest.java:189)
	at com.eviware.soapui.impl.wsdl.teststeps.WsdlTestRequest.setResponse(WsdlTestRequest.java:159)
	at com.eviware.soapui.impl.wsdl.teststeps.WsdlTestRequestStep.run(WsdlTestRequestStep.java:439)
	at com.eviware.soapui.impl.wsdl.support.AbstractTestCaseRunner.runTestStep(AbstractTestCaseRunner.java:239)
	at com.eviware.soapui.impl.wsdl.testcase.WsdlTestCaseRunner.runCurrentTestStep(WsdlTestCaseRunner.java:48)
	at com.eviware.soapui.impl.wsdl.support.AbstractTestCaseRunner.internalRun(AbstractTestCaseRunner.java:148)
	at com.eviware.soapui.impl.wsdl.support.AbstractTestCaseRunner.internalRun(AbstractTestCaseRunner.java:43)
	at com.eviware.soapui.impl.wsdl.support.AbstractTestRunner.run(AbstractTestRunner.java:135)
	at java.util.concurrent.Executors$RunnableAdapter.call(Executors.java:511)
	at java.util.concurrent.FutureTask.run(FutureTask.java:266)
	at java.util.concurrent.ThreadPoolExecutor.runWorker(ThreadPoolExecutor.java:1142)
	at java.util.concurrent.ThreadPoolExecutor$Worker.run(ThreadPoolExecutor.java:617)
	at java.lang.Thread.run(Thread.java:745)
Caused by: Script1.groovy:1:64: unexpected token: assert
	at org.codehaus.groovy.antlr.parser.GroovyRecognizer.branchStatement(GroovyRecognizer.java:9426)
	at org.codehaus.groovy.antlr.parser.GroovyRecognizer.statement(GroovyRecognizer.java:1141)
	at org.codehaus.groovy.antlr.parser.GroovyRecognizer.compilationUnit(GroovyRecognizer.java:666)
	at org.codehaus.groovy.antlr.AntlrParserPlugin.transformCSTIntoAST(AntlrParserPlugin.java:130)
	... 31 more

1 error

</pre><hr/>]]></failure></testcase><testcase name="TC4_ValidateMandatoryFields" time="0.734"/><testcase name="TC5_ValidateResponseDataTypes" time="0.309"/><testcase name="TC6_ValidateInvalidAccountNumberRequest" time="0.159"/><testcase name="TC7_ValidateCheckingAccount" time="0.219"/><testcase name="TC8_ValidateSavingsAccount" time="0.326"/><testcase name="TC9_ValidateCreditCardAccount" time="0.166"/><testcase name="TC10_ValidateAccountHolders" time="0.26"/><testcase name="TC11_ValidateCountOfAccountHolders" time="0.182"/><testcase name="TC12_ValidateOpenAccountStatus" time="0.196"/><testcase name="TC13_ValidateFraudlentAccountStatus" time="0.2"><failure type="Cancelling due to failed test step" message="Cancelling due to failed test step"><![CDATA[<h3><b>getAccountDetails Failed</b></h3><pre>[XPath Match] XPathContains comparison failed, expecting ['Fradulent'], actual was [1]
</pre><hr/>]]></failure></testcase><testcase name="TC14_ValidateClosedAccountStatus" time="0.182"><failure type="Cancelling due to failed test step" message="Cancelling due to failed test step"><![CDATA[<h3><b>getAccountDetails Failed</b></h3><pre>[XPath Match] XPathContains comparison failed, expecting ['closed'], actual was [Open]
</pre><hr/>]]></failure></testcase><testcase name="TC15_ValidateJointBusinessAccountType" time="0.199"><failure type="Cancelling due to failed test step" message="Cancelling due to failed test step"><![CDATA[<h3><b>getAccountDetails Failed</b></h3><pre>[XPath Match] XPathContains comparison failed, expecting ['Business'], actual was [Personal]
</pre><hr/>]]></failure></testcase><testcase name="TC16_ValidateJointPersonalAccountType" time="0.264"/><testcase name="TC17_Validate7RoutingNumber" time="0.265"><failure type="Cancelling due to failed test step" message="Cancelling due to failed test step"><![CDATA[<h3><b>getAccountDetails Failed</b></h3><pre>[Script Assertion] startup failed:
Script1.groovy: 2: expecting EOF, found 'def' @ line 2, column 92.
   change.responseContentAsXml ) def routin
                                 ^
org.codehaus.groovy.syntax.SyntaxException: expecting EOF, found 'def' @ line 2, column 92.
	at org.codehaus.groovy.antlr.AntlrParserPlugin.transformCSTIntoAST(AntlrParserPlugin.java:139)
	at org.codehaus.groovy.antlr.AntlrParserPlugin.parseCST(AntlrParserPlugin.java:107)
	at org.codehaus.groovy.control.SourceUnit.parse(SourceUnit.java:236)
	at org.codehaus.groovy.control.CompilationUnit$1.call(CompilationUnit.java:163)
	at org.codehaus.groovy.control.CompilationUnit.applyToSourceUnits(CompilationUnit.java:839)
	at org.codehaus.groovy.control.CompilationUnit.doPhaseOperation(CompilationUnit.java:544)
	at org.codehaus.groovy.control.CompilationUnit.processPhaseOperations(CompilationUnit.java:520)
	at org.codehaus.groovy.control.CompilationUnit.compile(CompilationUnit.java:497)
	at groovy.lang.GroovyClassLoader.doParseClass(GroovyClassLoader.java:306)
	at groovy.lang.GroovyClassLoader.parseClass(GroovyClassLoader.java:287)
	at groovy.lang.GroovyShell.parseClass(GroovyShell.java:731)
	at groovy.lang.GroovyShell.parse(GroovyShell.java:743)
	at groovy.lang.GroovyShell.parse(GroovyShell.java:770)
	at groovy.lang.GroovyShell.parse(GroovyShell.java:761)
	at com.eviware.soapui.support.scripting.groovy.SoapUIGroovyScriptEngine.compile(SoapUIGroovyScriptEngine.java:148)
	at com.eviware.soapui.support.scripting.groovy.SoapUIGroovyScriptEngine.run(SoapUIGroovyScriptEngine.java:93)
	at com.eviware.soapui.impl.wsdl.teststeps.assertions.basic.GroovyScriptAssertion.assertScript(GroovyScriptAssertion.java:120)
	at com.eviware.soapui.impl.wsdl.teststeps.assertions.basic.GroovyScriptAssertion.internalAssertResponse(GroovyScriptAssertion.java:137)
	at com.eviware.soapui.impl.wsdl.teststeps.WsdlMessageAssertion.assertResponse(WsdlMessageAssertion.java:161)
	at com.eviware.soapui.impl.wsdl.teststeps.WsdlTestRequest.assertResponse(WsdlTestRequest.java:189)
	at com.eviware.soapui.impl.wsdl.teststeps.WsdlTestRequest.setResponse(WsdlTestRequest.java:159)
	at com.eviware.soapui.impl.wsdl.teststeps.WsdlTestRequestStep.run(WsdlTestRequestStep.java:439)
	at com.eviware.soapui.impl.wsdl.support.AbstractTestCaseRunner.runTestStep(AbstractTestCaseRunner.java:239)
	at com.eviware.soapui.impl.wsdl.testcase.WsdlTestCaseRunner.runCurrentTestStep(WsdlTestCaseRunner.java:48)
	at com.eviware.soapui.impl.wsdl.support.AbstractTestCaseRunner.internalRun(AbstractTestCaseRunner.java:148)
	at com.eviware.soapui.impl.wsdl.support.AbstractTestCaseRunner.internalRun(AbstractTestCaseRunner.java:43)
	at com.eviware.soapui.impl.wsdl.support.AbstractTestRunner.run(AbstractTestRunner.java:135)
	at java.util.concurrent.Executors$RunnableAdapter.call(Executors.java:511)
	at java.util.concurrent.FutureTask.run(FutureTask.java:266)
	at java.util.concurrent.ThreadPoolExecutor.runWorker(ThreadPoolExecutor.java:1142)
	at java.util.concurrent.ThreadPoolExecutor$Worker.run(ThreadPoolExecutor.java:617)
	at java.lang.Thread.run(Thread.java:745)
Caused by: Script1.groovy:2:92: expecting EOF, found 'def'
	at groovyjarjarantlr.Parser.match(Parser.java:211)
	at org.codehaus.groovy.antlr.parser.GroovyRecognizer.compilationUnit(GroovyRecognizer.java:780)
	at org.codehaus.groovy.antlr.AntlrParserPlugin.transformCSTIntoAST(AntlrParserPlugin.java:130)
	... 31 more

1 error

</pre><hr/>]]></failure></testcase><testcase name="TC18_Validate10DigitAccountNumber" time="0.177"><failure type="Cancelling due to failed test step" message="Cancelling due to failed test step"><![CDATA[<h3><b>SOAP Request Failed</b></h3><pre>[Script Assertion] startup failed:
Script1.groovy: 2: expecting EOF, found 'def' @ line 2, column 92.
   change.responseContentAsXml ) def accoun
                                 ^
org.codehaus.groovy.syntax.SyntaxException: expecting EOF, found 'def' @ line 2, column 92.
	at org.codehaus.groovy.antlr.AntlrParserPlugin.transformCSTIntoAST(AntlrParserPlugin.java:139)
	at org.codehaus.groovy.antlr.AntlrParserPlugin.parseCST(AntlrParserPlugin.java:107)
	at org.codehaus.groovy.control.SourceUnit.parse(SourceUnit.java:236)
	at org.codehaus.groovy.control.CompilationUnit$1.call(CompilationUnit.java:163)
	at org.codehaus.groovy.control.CompilationUnit.applyToSourceUnits(CompilationUnit.java:839)
	at org.codehaus.groovy.control.CompilationUnit.doPhaseOperation(CompilationUnit.java:544)
	at org.codehaus.groovy.control.CompilationUnit.processPhaseOperations(CompilationUnit.java:520)
	at org.codehaus.groovy.control.CompilationUnit.compile(CompilationUnit.java:497)
	at groovy.lang.GroovyClassLoader.doParseClass(GroovyClassLoader.java:306)
	at groovy.lang.GroovyClassLoader.parseClass(GroovyClassLoader.java:287)
	at groovy.lang.GroovyShell.parseClass(GroovyShell.java:731)
	at groovy.lang.GroovyShell.parse(GroovyShell.java:743)
	at groovy.lang.GroovyShell.parse(GroovyShell.java:770)
	at groovy.lang.GroovyShell.parse(GroovyShell.java:761)
	at com.eviware.soapui.support.scripting.groovy.SoapUIGroovyScriptEngine.compile(SoapUIGroovyScriptEngine.java:148)
	at com.eviware.soapui.support.scripting.groovy.SoapUIGroovyScriptEngine.run(SoapUIGroovyScriptEngine.java:93)
	at com.eviware.soapui.impl.wsdl.teststeps.assertions.basic.GroovyScriptAssertion.assertScript(GroovyScriptAssertion.java:120)
	at com.eviware.soapui.impl.wsdl.teststeps.assertions.basic.GroovyScriptAssertion.internalAssertResponse(GroovyScriptAssertion.java:137)
	at com.eviware.soapui.impl.wsdl.teststeps.WsdlMessageAssertion.assertResponse(WsdlMessageAssertion.java:161)
	at com.eviware.soapui.impl.wsdl.teststeps.WsdlTestRequest.assertResponse(WsdlTestRequest.java:189)
	at com.eviware.soapui.impl.wsdl.teststeps.WsdlTestRequest.setResponse(WsdlTestRequest.java:159)
	at com.eviware.soapui.impl.wsdl.teststeps.WsdlTestRequestStep.run(WsdlTestRequestStep.java:439)
	at com.eviware.soapui.impl.wsdl.support.AbstractTestCaseRunner.runTestStep(AbstractTestCaseRunner.java:239)
	at com.eviware.soapui.impl.wsdl.testcase.WsdlTestCaseRunner.runCurrentTestStep(WsdlTestCaseRunner.java:48)
	at com.eviware.soapui.impl.wsdl.support.AbstractTestCaseRunner.internalRun(AbstractTestCaseRunner.java:148)
	at com.eviware.soapui.impl.wsdl.support.AbstractTestCaseRunner.internalRun(AbstractTestCaseRunner.java:43)
	at com.eviware.soapui.impl.wsdl.support.AbstractTestRunner.run(AbstractTestRunner.java:135)
	at java.util.concurrent.Executors$RunnableAdapter.call(Executors.java:511)
	at java.util.concurrent.FutureTask.run(FutureTask.java:266)
	at java.util.concurrent.ThreadPoolExecutor.runWorker(ThreadPoolExecutor.java:1142)
	at java.util.concurrent.ThreadPoolExecutor$Worker.run(ThreadPoolExecutor.java:617)
	at java.lang.Thread.run(Thread.java:745)
Caused by: Script1.groovy:2:92: expecting EOF, found 'def'
	at groovyjarjarantlr.Parser.match(Parser.java:211)
	at org.codehaus.groovy.antlr.parser.GroovyRecognizer.compilationUnit(GroovyRecognizer.java:780)
	at org.codehaus.groovy.antlr.AntlrParserPlugin.transformCSTIntoAST(AntlrParserPlugin.java:130)
	... 31 more

1 error

</pre><hr/>]]></failure></testcase><testcase name="TC19_ValidateOverDraftAccount" time="0.198"><failure type="Cancelling due to failed test step" message="Cancelling due to failed test step"><![CDATA[<h3><b>SOAP Request Failed</b></h3><pre>[Script Assertion] startup failed:
Script1.groovy: 2: expecting EOF, found 'def' @ line 2, column 92.
   change.responseContentAsXml ) def overdr
                                 ^
org.codehaus.groovy.syntax.SyntaxException: expecting EOF, found 'def' @ line 2, column 92.
	at org.codehaus.groovy.antlr.AntlrParserPlugin.transformCSTIntoAST(AntlrParserPlugin.java:139)
	at org.codehaus.groovy.antlr.AntlrParserPlugin.parseCST(AntlrParserPlugin.java:107)
	at org.codehaus.groovy.control.SourceUnit.parse(SourceUnit.java:236)
	at org.codehaus.groovy.control.CompilationUnit$1.call(CompilationUnit.java:163)
	at org.codehaus.groovy.control.CompilationUnit.applyToSourceUnits(CompilationUnit.java:839)
	at org.codehaus.groovy.control.CompilationUnit.doPhaseOperation(CompilationUnit.java:544)
	at org.codehaus.groovy.control.CompilationUnit.processPhaseOperations(CompilationUnit.java:520)
	at org.codehaus.groovy.control.CompilationUnit.compile(CompilationUnit.java:497)
	at groovy.lang.GroovyClassLoader.doParseClass(GroovyClassLoader.java:306)
	at groovy.lang.GroovyClassLoader.parseClass(GroovyClassLoader.java:287)
	at groovy.lang.GroovyShell.parseClass(GroovyShell.java:731)
	at groovy.lang.GroovyShell.parse(GroovyShell.java:743)
	at groovy.lang.GroovyShell.parse(GroovyShell.java:770)
	at groovy.lang.GroovyShell.parse(GroovyShell.java:761)
	at com.eviware.soapui.support.scripting.groovy.SoapUIGroovyScriptEngine.compile(SoapUIGroovyScriptEngine.java:148)
	at com.eviware.soapui.support.scripting.groovy.SoapUIGroovyScriptEngine.run(SoapUIGroovyScriptEngine.java:93)
	at com.eviware.soapui.impl.wsdl.teststeps.assertions.basic.GroovyScriptAssertion.assertScript(GroovyScriptAssertion.java:120)
	at com.eviware.soapui.impl.wsdl.teststeps.assertions.basic.GroovyScriptAssertion.internalAssertResponse(GroovyScriptAssertion.java:137)
	at com.eviware.soapui.impl.wsdl.teststeps.WsdlMessageAssertion.assertResponse(WsdlMessageAssertion.java:161)
	at com.eviware.soapui.impl.wsdl.teststeps.WsdlTestRequest.assertResponse(WsdlTestRequest.java:189)
	at com.eviware.soapui.impl.wsdl.teststeps.WsdlTestRequest.setResponse(WsdlTestRequest.java:159)
	at com.eviware.soapui.impl.wsdl.teststeps.WsdlTestRequestStep.run(WsdlTestRequestStep.java:439)
	at com.eviware.soapui.impl.wsdl.support.AbstractTestCaseRunner.runTestStep(AbstractTestCaseRunner.java:239)
	at com.eviware.soapui.impl.wsdl.testcase.WsdlTestCaseRunner.runCurrentTestStep(WsdlTestCaseRunner.java:48)
	at com.eviware.soapui.impl.wsdl.support.AbstractTestCaseRunner.internalRun(AbstractTestCaseRunner.java:148)
	at com.eviware.soapui.impl.wsdl.support.AbstractTestCaseRunner.internalRun(AbstractTestCaseRunner.java:43)
	at com.eviware.soapui.impl.wsdl.support.AbstractTestRunner.run(AbstractTestRunner.java:135)
	at java.util.concurrent.Executors$RunnableAdapter.call(Executors.java:511)
	at java.util.concurrent.FutureTask.run(FutureTask.java:266)
	at java.util.concurrent.ThreadPoolExecutor.runWorker(ThreadPoolExecutor.java:1142)
	at java.util.concurrent.ThreadPoolExecutor$Worker.run(ThreadPoolExecutor.java:617)
	at java.lang.Thread.run(Thread.java:745)
Caused by: Script1.groovy:2:92: expecting EOF, found 'def'
	at groovyjarjarantlr.Parser.match(Parser.java:211)
	at org.codehaus.groovy.antlr.parser.GroovyRecognizer.compilationUnit(GroovyRecognizer.java:780)
	at org.codehaus.groovy.antlr.AntlrParserPlugin.transformCSTIntoAST(AntlrParserPlugin.java:130)
	... 31 more

1 error

</pre><hr/>]]></failure></testcase><testcase name="TC20_ValidateNoOverDraftAccount" time="0.181"><failure type="Cancelling due to failed test step" message="Cancelling due to failed test step"><![CDATA[<h3><b>SOAP Request Failed</b></h3><pre>[Script Assertion] startup failed:
Script1.groovy: 2: expecting EOF, found 'def' @ line 2, column 92.
   change.responseContentAsXml ) def overdr
                                 ^
org.codehaus.groovy.syntax.SyntaxException: expecting EOF, found 'def' @ line 2, column 92.
	at org.codehaus.groovy.antlr.AntlrParserPlugin.transformCSTIntoAST(AntlrParserPlugin.java:139)
	at org.codehaus.groovy.antlr.AntlrParserPlugin.parseCST(AntlrParserPlugin.java:107)
	at org.codehaus.groovy.control.SourceUnit.parse(SourceUnit.java:236)
	at org.codehaus.groovy.control.CompilationUnit$1.call(CompilationUnit.java:163)
	at org.codehaus.groovy.control.CompilationUnit.applyToSourceUnits(CompilationUnit.java:839)
	at org.codehaus.groovy.control.CompilationUnit.doPhaseOperation(CompilationUnit.java:544)
	at org.codehaus.groovy.control.CompilationUnit.processPhaseOperations(CompilationUnit.java:520)
	at org.codehaus.groovy.control.CompilationUnit.compile(CompilationUnit.java:497)
	at groovy.lang.GroovyClassLoader.doParseClass(GroovyClassLoader.java:306)
	at groovy.lang.GroovyClassLoader.parseClass(GroovyClassLoader.java:287)
	at groovy.lang.GroovyShell.parseClass(GroovyShell.java:731)
	at groovy.lang.GroovyShell.parse(GroovyShell.java:743)
	at groovy.lang.GroovyShell.parse(GroovyShell.java:770)
	at groovy.lang.GroovyShell.parse(GroovyShell.java:761)
	at com.eviware.soapui.support.scripting.groovy.SoapUIGroovyScriptEngine.compile(SoapUIGroovyScriptEngine.java:148)
	at com.eviware.soapui.support.scripting.groovy.SoapUIGroovyScriptEngine.run(SoapUIGroovyScriptEngine.java:93)
	at com.eviware.soapui.impl.wsdl.teststeps.assertions.basic.GroovyScriptAssertion.assertScript(GroovyScriptAssertion.java:120)
	at com.eviware.soapui.impl.wsdl.teststeps.assertions.basic.GroovyScriptAssertion.internalAssertResponse(GroovyScriptAssertion.java:137)
	at com.eviware.soapui.impl.wsdl.teststeps.WsdlMessageAssertion.assertResponse(WsdlMessageAssertion.java:161)
	at com.eviware.soapui.impl.wsdl.teststeps.WsdlTestRequest.assertResponse(WsdlTestRequest.java:189)
	at com.eviware.soapui.impl.wsdl.teststeps.WsdlTestRequest.setResponse(WsdlTestRequest.java:159)
	at com.eviware.soapui.impl.wsdl.teststeps.WsdlTestRequestStep.run(WsdlTestRequestStep.java:439)
	at com.eviware.soapui.impl.wsdl.support.AbstractTestCaseRunner.runTestStep(AbstractTestCaseRunner.java:239)
	at com.eviware.soapui.impl.wsdl.testcase.WsdlTestCaseRunner.runCurrentTestStep(WsdlTestCaseRunner.java:48)
	at com.eviware.soapui.impl.wsdl.support.AbstractTestCaseRunner.internalRun(AbstractTestCaseRunner.java:148)
	at com.eviware.soapui.impl.wsdl.support.AbstractTestCaseRunner.internalRun(AbstractTestCaseRunner.java:43)
	at com.eviware.soapui.impl.wsdl.support.AbstractTestRunner.run(AbstractTestRunner.java:135)
	at java.util.concurrent.Executors$RunnableAdapter.call(Executors.java:511)
	at java.util.concurrent.FutureTask.run(FutureTask.java:266)
	at java.util.concurrent.ThreadPoolExecutor.runWorker(ThreadPoolExecutor.java:1142)
	at java.util.concurrent.ThreadPoolExecutor$Worker.run(ThreadPoolExecutor.java:617)
	at java.lang.Thread.run(Thread.java:745)
Caused by: Script1.groovy:2:92: expecting EOF, found 'def'
	at groovyjarjarantlr.Parser.match(Parser.java:211)
	at org.codehaus.groovy.antlr.parser.GroovyRecognizer.compilationUnit(GroovyRecognizer.java:780)
	at org.codehaus.groovy.antlr.AntlrParserPlugin.transformCSTIntoAST(AntlrParserPlugin.java:130)
	... 31 more

1 error

</pre><hr/>]]></failure></testcase></testsuite>